[go]2023/04/01 17:29:16 这是很重要的信息
[go]2023/04/01 17:29:29 这是很重要的信息2
[go]2023/04/01 17:29:31 这是很重要的信息3
[go]2023/04/01 19:46:00 这是很重要的信息3
[go]2023/04/01 19:46:01 这是很重要的信息3
[go]2023/04/01 19:49:52 这是很重要的信息3
[go]2023/04/01 19:49:53 这是很重要的信息3
[go]2023/04/01 19:49:55 这是很重要的信息3
[go]2023/04/01 19:49:55 这是很重要的信息3
[go]2023/04/01 19:49:56 这是很重要的信息3
[go]2023/04/01 19:49:59 这是很重要的信息3
[go] - 2023/04/03 23:09:49 [GradingService] - Update服务收到请求[{Added:[{Name:LogService URL:http://localhost:4000}] Removed:[]}]

[go] - 2023/04/03 23:09:58 [GradingService] - Update服务收到请求[{Added:[{Name:LogService URL:http://localhost:4000}] Removed:[]}]

[go] - 2023/04/03 23:10:11 [GradingService] - Update服务收到请求[{Added:[{Name:LogService URL:http://localhost:4000}] Removed:[]}]

[go] - 2023/04/03 23:10:31 [GradingService] - Update服务收到请求[{Added:[{Name:LogService URL:http://localhost:4000}] Removed:[]}]

[go] - 2023/04/03 23:12:32 [GradingService] - Update服务收到请求[{Added:[{Name:LogService URL:http://localhost:4000}] Removed:[]}]

[go] - 2023/04/03 23:13:35 [GradingService] - Update服务收到请求[{Added:[{Name:LogService URL:http://localhost:4000}] Removed:[]}]

[go] - 2023/04/03 23:20:01 [GradingService] - Update服务收到请求[{Added:[{Name:LogService URL:http://localhost:4000}] Removed:[]}]

[go] - 2023/04/03 23:22:23 [GradingService] - Update服务收到请求[{Added:[{Name:LogService URL:http://localhost:4000}] Removed:[]}]

[go] - 2023/04/03 23:22:30 [GradingService] - http: Server closed

[go] - 2023/04/03 23:22:42 [GradingService] - Update服务收到请求[{Added:[{Name:LogService URL:http://localhost:4000}] Removed:[]}]

[go] - 2023/04/03 23:22:47 [GradingService] - Update服务收到请求[{Added:[{Name:LogService URL:http://localhost:4000}] Removed:[]}]

[go] - 2023/04/03 23:22:54 [GradingService] - Update服务收到请求[{Added:[{Name:LogService URL:http://localhost:4000}] Removed:[]}]

[go] - 2023/04/03 23:22:55 [GradingService] - Update服务收到请求[{Added:[{Name:LogService URL:http://localhost:4000}] Removed:[]}]

[go] - 2023/04/03 23:22:55 [GradingService] - Update服务收到请求[{Added:[{Name:LogService URL:http://localhost:4000}] Removed:[]}]

[go] - 2023/04/03 23:22:56 [GradingService] - Update服务收到请求[{Added:[{Name:LogService URL:http://localhost:4000}] Removed:[]}]

[go] - 2023/04/03 23:22:57 [GradingService] - Update服务收到请求[{Added:[{Name:LogService URL:http://localhost:4000}] Removed:[]}]

[go] - 2023/04/03 23:22:59 [GradingService] - Update服务收到请求[{Added:[{Name:LogService URL:http://localhost:4000}] Removed:[]}]

[go] - 2023/04/03 23:23:00 [GradingService] - Update服务收到请求[{Added:[{Name:LogService URL:http://localhost:4000}] Removed:[]}]

[go] - 2023/04/03 23:23:01 [GradingService] - Update服务收到请求[{Added:[{Name:LogService URL:http://localhost:4000}] Removed:[]}]

[go] - 2023/04/03 23:23:02 [GradingService] - Update服务收到请求[{Added:[{Name:LogService URL:http://localhost:4000}] Removed:[]}]

[go] - 2023/04/03 23:23:03 [GradingService] - Update服务收到请求[{Added:[{Name:LogService URL:http://localhost:4000}] Removed:[]}]

[go] - 2023/04/03 23:23:12 [GradingService] - Update服务收到请求[{Added:[{Name:LogService URL:http://localhost:4000}] Removed:[]}]

[go] - 2023/04/03 23:23:22 [GradingService] - http: Server closed

[go] - 2023/04/03 23:23:33 [GradingService] - Update服务收到请求[{Added:[{Name:LogService URL:http://localhost:4000}] Removed:[]}]

[go] - 2023/04/03 23:24:08 [GradingService] - Update服务收到请求[{Added:[{Name:LogService URL:http://localhost:4000}] Removed:[]}]

[go] - 2023/04/03 23:24:12 [GradingService] - Update服务收到请求[{Added:[{Name:LogService URL:http://localhost:4000}] Removed:[]}]

[go] - 2023/04/03 23:24:12 [GradingService] - Update服务收到请求[{Added:[{Name:LogService URL:http://localhost:4000}] Removed:[]}]

[go] - 2023/04/03 23:24:13 [GradingService] - Update服务收到请求[{Added:[{Name:LogService URL:http://localhost:4000}] Removed:[]}]

[go] - 2023/04/03 23:24:13 [GradingService] - Update服务收到请求[{Added:[{Name:LogService URL:http://localhost:4000}] Removed:[]}]

[go] - 2023/04/03 23:25:43 [GradingService] - Update服务收到请求[{Added:[{Name:LogService URL:http://localhost:4000}] Removed:[]}]

[go] - 2023/04/03 23:25:56 [GradingService] - Update服务收到请求[{Added:[{Name:LogService URL:http://localhost:4000}] Removed:[]}]

[go] - 2023/04/03 23:26:21 [GradingService] - Update服务收到请求[{Added:[{Name:LogService URL:http://localhost:4000}] Removed:[]}]

[go] - 2023/04/03 23:26:45 [GradingService] - Update服务收到请求[{Added:[{Name:LogService URL:http://localhost:4000}] Removed:[]}]

[go] - 2023/04/03 23:27:25 [GradingService] - Update服务收到请求[{Added:[{Name:LogService URL:http://localhost:4000}] Removed:[]}]

[go] - 2023/04/03 23:27:26 [GradingService] - Update服务收到请求[{Added:[{Name:LogService URL:http://localhost:4000}] Removed:[]}]

[go] - 2023/04/03 23:29:25 [GradingService] - Update服务收到请求----

[go] - 2023/04/03 23:29:25 [GradingService] - Update服务收到请求[{Added:[{Name:LogService URL:http://localhost:4000}] Removed:[]}]

[go] - 2023/04/03 23:30:31 [GradingService] - Update服务收到请求----

[go] - 2023/04/03 23:30:31 [GradingService] - Update服务收到请求[{Added:[{Name:LogService URL:http://localhost:4000}] Removed:[]}]

[go] - 2023/04/03 23:30:32 [GradingService] - Update服务收到请求----

[go] - 2023/04/03 23:30:32 [GradingService] - Update服务收到请求[{Added:[{Name:LogService URL:http://localhost:4000}] Removed:[]}]

[go] - 2023/04/03 23:30:32 [GradingService] - Update服务收到请求----

[go] - 2023/04/03 23:30:32 [GradingService] - Update服务收到请求[{Added:[{Name:LogService URL:http://localhost:4000}] Removed:[]}]

[go] - 2023/04/03 23:30:33 [GradingService] - Update服务收到请求----

[go] - 2023/04/03 23:30:33 [GradingService] - Update服务收到请求[{Added:[{Name:LogService URL:http://localhost:4000}] Removed:[]}]

[go] - 2023/04/03 23:30:42 [GradingService] - http: Server closed

[go] - 2023/04/03 23:30:51 [GradingService] - Update服务收到请求----

[go] - 2023/04/03 23:30:51 [GradingService] - Update服务收到请求[{Added:[{Name:LogService URL:http://localhost:4000}] Removed:[]}]

[go] - 2023/04/03 23:30:52 [GradingService] - Update服务收到请求----

[go] - 2023/04/03 23:30:52 [GradingService] - Update服务收到请求[{Added:[{Name:LogService URL:http://localhost:4000}] Removed:[]}]

[go] - 2023/04/03 23:30:54 [GradingService] - Update服务收到请求----

[go] - 2023/04/03 23:30:54 [GradingService] - Update服务收到请求[{Added:[{Name:LogService URL:http://localhost:4000}] Removed:[]}]

[go] - 2023/04/03 23:32:17 [GradingService] - Update服务收到请求----

[go] - 2023/04/03 23:32:17 [GradingService] - Update服务收到请求[{Added:[{Name:LogService URL:http://localhost:4000}] Removed:[]}]

[go] - 2023/04/03 23:33:22 [GradingService] - Update服务收到请求----

[go] - 2023/04/03 23:33:22 [GradingService] - Update服务收到请求[{Added:[{Name:LogService URL:http://localhost:4000}] Removed:[]}]

[go] - 2023/04/03 23:33:29 [GradingService] - Update服务收到请求----

[go] - 2023/04/03 23:33:29 [GradingService] - Update服务收到请求[{Added:[{Name:LogService URL:http://localhost:4000}] Removed:[]}]

[go] - 2023/04/03 23:33:32 [GradingService] - http: Server closed

[go] - 2023/04/03 23:35:24 [GradingService] - Update服务收到请求----

[go] - 2023/04/03 23:35:24 [GradingService] - Update服务收到请求[{Added:[{Name:LogService URL:http://localhost:4000}] Removed:[]}]

[go] - 2023/04/03 23:35:26 [GradingService] - Update服务收到请求----

[go] - 2023/04/03 23:35:26 [GradingService] - Update服务收到请求[{Added:[{Name:LogService URL:http://localhost:4000}] Removed:[]}]

[go] - 2023/04/03 23:35:27 [GradingService] - Update服务收到请求----

[go] - 2023/04/03 23:35:27 [GradingService] - Update服务收到请求[{Added:[{Name:LogService URL:http://localhost:4000}] Removed:[]}]

[go] - 2023/04/03 23:35:27 [GradingService] - Update服务收到请求----

[go] - 2023/04/03 23:35:27 [GradingService] - Update服务收到请求[{Added:[{Name:LogService URL:http://localhost:4000}] Removed:[]}]

[go] - 2023/04/03 23:35:30 [GradingService] - Update服务收到请求----

[go] - 2023/04/03 23:35:30 [GradingService] - Update服务收到请求[{Added:[{Name:LogService URL:http://localhost:4000}] Removed:[]}]

[go] - 2023/04/03 23:35:44 [GradingService] - Update服务收到请求----

[go] - 2023/04/03 23:35:44 [GradingService] - Update服务收到请求[{Added:[{Name:LogService URL:http://localhost:4000}] Removed:[]}]

[go] - 2023/04/03 23:35:45 [GradingService] - Update服务收到请求----

[go] - 2023/04/03 23:35:45 [GradingService] - Update服务收到请求[{Added:[{Name:LogService URL:http://localhost:4000}] Removed:[]}]

[go] - 2023/04/03 23:37:13 [GradingService] - Update服务收到请求----

[go] - 2023/04/03 23:37:13 [GradingService] - Update服务收到请求[{Added:[{Name:LogService URL:http://localhost:4000}] Removed:[]}]

[go] - 2023/04/03 23:37:17 [GradingService] - Update服务收到请求----

[go] - 2023/04/03 23:37:17 [GradingService] - Update服务收到请求[{Added:[{Name:LogService URL:http://localhost:4000}] Removed:[]}]

[go] - 2023/04/03 23:37:17 [GradingService] - Update服务收到请求----

[go] - 2023/04/03 23:37:17 [GradingService] - Update服务收到请求[{Added:[{Name:LogService URL:http://localhost:4000}] Removed:[]}]

[go] - 2023/04/03 23:37:18 [GradingService] - Update服务收到请求----

[go] - 2023/04/03 23:37:18 [GradingService] - Update服务收到请求[{Added:[{Name:LogService URL:http://localhost:4000}] Removed:[]}]

[go] - 2023/04/03 23:38:44 [GradingService] - http: Server closed

[go] - 2023/04/03 23:50:05 [GradingService] - Delete "http://localhost:3000/services": dial tcp 127.0.0.1:3000: connect: connection refused

[go] - 2023/04/06 22:34:17 [GradingService] - 收到心跳报文,响应成功!!!

[go] - 2023/04/06 22:34:26 [GradingService] - 收到心跳报文,响应成功!!!

[go] - 2023/04/06 22:34:35 [GradingService] - 收到心跳报文,响应成功!!!

[go] - 2023/04/06 22:34:44 [GradingService] - 收到心跳报文,响应成功!!!

[go] - 2023/04/06 22:34:53 [GradingService] - 收到心跳报文,响应成功!!!

[go] - 2023/04/06 22:35:02 [GradingService] - 收到心跳报文,响应成功!!!

[go] - 2023/04/06 22:35:11 [GradingService] - 收到心跳报文,响应成功!!!

[go] - 2023/04/06 22:35:20 [GradingService] - 收到心跳报文,响应成功!!!

[go] - 2023/04/06 22:35:29 [GradingService] - 收到心跳报文,响应成功!!!

[go] - 2023/04/06 22:35:38 [GradingService] - 收到心跳报文,响应成功!!!

[go] - 2023/04/06 22:35:48 [GradingService] - 收到心跳报文,响应成功!!!

[go] - 2023/04/06 22:35:57 [GradingService] - 收到心跳报文,响应成功!!!

[go] - 2023/04/06 22:36:06 [GradingService] - 收到心跳报文,响应成功!!!

[go] - 2023/04/06 22:36:15 [GradingService] - 收到心跳报文,响应成功!!!

[go] - 2023/04/06 22:36:24 [GradingService] - 收到心跳报文,响应成功!!!

[go] - 2023/04/06 22:36:33 [GradingService] - 收到心跳报文,响应成功!!!

[go] - 2023/04/06 22:36:42 [GradingService] - 收到心跳报文,响应成功!!!

[go] - 2023/04/06 22:36:51 [GradingService] - 收到心跳报文,响应成功!!!

[go] - 2023/04/06 22:37:00 [GradingService] - 收到心跳报文,响应成功!!!

[go] - 2023/04/06 22:37:09 [GradingService] - 收到心跳报文,响应成功!!!

[go] - 2023/04/06 22:37:18 [GradingService] - 收到心跳报文,响应成功!!!

[go] - 2023/04/06 22:37:27 [GradingService] - 收到心跳报文,响应成功!!!

[go] - 2023/04/06 22:37:36 [GradingService] - 收到心跳报文,响应成功!!!

[go] - 2023/04/06 22:37:45 [GradingService] - 收到心跳报文,响应成功!!!

[go] - 2023/04/06 22:37:54 [GradingService] - 收到心跳报文,响应成功!!!

[go] - 2023/04/06 22:38:03 [GradingService] - 收到心跳报文,响应成功!!!

[go] - 2023/04/06 22:38:12 [GradingService] - 收到心跳报文,响应成功!!!

[go] - 2023/04/06 22:38:21 [GradingService] - 收到心跳报文,响应成功!!!

[go] - 2023/04/06 22:38:30 [GradingService] - 收到心跳报文,响应成功!!!

[go] - 2023/04/06 22:38:39 [GradingService] - 收到心跳报文,响应成功!!!

[go] - 2023/04/06 22:38:48 [GradingService] - 收到心跳报文,响应成功!!!

[go] - 2023/04/06 22:38:57 [GradingService] - 收到心跳报文,响应成功!!!

[go] - 2023/04/06 22:39:06 [GradingService] - 收到心跳报文,响应成功!!!

[go] - 2023/04/06 22:39:15 [GradingService] - 收到心跳报文,响应成功!!!

[go] - 2023/04/06 22:39:24 [GradingService] - 收到心跳报文,响应成功!!!

[go] - 2023/04/06 22:39:33 [GradingService] - 收到心跳报文,响应成功!!!

[go] - 2023/04/06 22:39:42 [GradingService] - 收到心跳报文,响应成功!!!

[go] - 2023/04/06 22:39:51 [GradingService] - 收到心跳报文,响应成功!!!

[go] - 2023/04/06 22:40:00 [GradingService] - 收到心跳报文,响应成功!!!

[go] - 2023/04/06 22:40:09 [GradingService] - 收到心跳报文,响应成功!!!

[go] - 2023/04/06 22:40:18 [GradingService] - 收到心跳报文,响应成功!!!

[go] - 2023/04/06 22:40:27 [GradingService] - 收到心跳报文,响应成功!!!

[go] - 2023/04/06 22:40:36 [GradingService] - 收到心跳报文,响应成功!!!

[go] - 2023/04/06 22:40:45 [GradingService] - 收到心跳报文,响应成功!!!

[go] - 2023/04/06 22:40:54 [GradingService] - 收到心跳报文,响应成功!!!

[go] - 2023/04/06 22:41:03 [GradingService] - 收到心跳报文,响应成功!!!

[go] - 2023/04/06 22:41:12 [GradingService] - 收到心跳报文,响应成功!!!

[go] - 2023/04/06 22:41:21 [GradingService] - 收到心跳报文,响应成功!!!

[go] - 2023/04/06 22:41:30 [GradingService] - 收到心跳报文,响应成功!!!

[go] - 2023/04/06 22:41:39 [GradingService] - 收到心跳报文,响应成功!!!

[go] - 2023/04/06 22:41:48 [GradingService] - 收到心跳报文,响应成功!!!

[go] - 2023/04/06 22:41:57 [GradingService] - 收到心跳报文,响应成功!!!

[go] - 2023/04/06 22:42:06 [GradingService] - 收到心跳报文,响应成功!!!

[go] - 2023/04/06 22:42:15 [GradingService] - 收到心跳报文,响应成功!!!

[go] - 2023/04/06 22:42:24 [GradingService] - 收到心跳报文,响应成功!!!

[go] - 2023/04/06 22:42:33 [GradingService] - 收到心跳报文,响应成功!!!

[go] - 2023/04/06 22:42:42 [GradingService] - 收到心跳报文,响应成功!!!

[go] - 2023/04/06 22:42:51 [GradingService] - 收到心跳报文,响应成功!!!

[go] - 2023/04/06 22:43:00 [GradingService] - 收到心跳报文,响应成功!!!

[go] - 2023/04/06 22:43:09 [GradingService] - 收到心跳报文,响应成功!!!

[go] - 2023/04/06 22:43:18 [GradingService] - 收到心跳报文,响应成功!!!

[go] - 2023/04/06 22:43:27 [GradingService] - 收到心跳报文,响应成功!!!

[go] - 2023/04/06 22:43:36 [GradingService] - 收到心跳报文,响应成功!!!

[go] - 2023/04/06 22:43:45 [GradingService] - 收到心跳报文,响应成功!!!

[go] - 2023/04/06 22:43:54 [GradingService] - 收到心跳报文,响应成功!!!

[go] - 2023/04/06 22:44:03 [GradingService] - 收到心跳报文,响应成功!!!

[go] - 2023/04/06 22:44:12 [GradingService] - 收到心跳报文,响应成功!!!

[go] - 2023/04/06 22:44:21 [GradingService] - 收到心跳报文,响应成功!!!

[go] - 2023/04/06 22:44:30 [GradingService] - 收到心跳报文,响应成功!!!

[go] - 2023/04/06 22:44:39 [GradingService] - 收到心跳报文,响应成功!!!

[go] - 2023/04/06 22:44:48 [GradingService] - 收到心跳报文,响应成功!!!

[go] - 2023/04/06 22:44:57 [GradingService] - 收到心跳报文,响应成功!!!

[go] - 2023/04/06 22:45:06 [GradingService] - 收到心跳报文,响应成功!!!

[go] - 2023/04/06 22:45:15 [GradingService] - 收到心跳报文,响应成功!!!

[go] - 2023/04/06 22:45:24 [GradingService] - 收到心跳报文,响应成功!!!

[go] - 2023/04/06 22:45:33 [GradingService] - 收到心跳报文,响应成功!!!

[go] - 2023/04/06 22:45:42 [GradingService] - 收到心跳报文,响应成功!!!

[go] - 2023/04/06 22:45:51 [GradingService] - 收到心跳报文,响应成功!!!

[go] - 2023/04/06 22:46:00 [GradingService] - 收到心跳报文,响应成功!!!

[go] - 2023/04/06 22:46:09 [GradingService] - 收到心跳报文,响应成功!!!

[go] - 2023/04/06 22:46:18 [GradingService] - 收到心跳报文,响应成功!!!

[go] - 2023/04/06 22:46:27 [GradingService] - 收到心跳报文,响应成功!!!

[go] - 2023/04/06 22:46:36 [GradingService] - 收到心跳报文,响应成功!!!

[go] - 2023/04/06 22:46:45 [GradingService] - 收到心跳报文,响应成功!!!

[go] - 2023/04/06 22:46:54 [GradingService] - 收到心跳报文,响应成功!!!

[go] - 2023/04/06 22:47:03 [GradingService] - 收到心跳报文,响应成功!!!

[go] - 2023/04/06 22:47:12 [GradingService] - 收到心跳报文,响应成功!!!

[go] - 2023/04/06 22:47:21 [GradingService] - 收到心跳报文,响应成功!!!

[go] - 2023/04/06 22:47:30 [GradingService] - 收到心跳报文,响应成功!!!

[go] - 2023/04/06 22:47:39 [GradingService] - 收到心跳报文,响应成功!!!

[go] - 2023/04/06 22:47:48 [GradingService] - 收到心跳报文,响应成功!!!

[go] - 2023/04/06 22:47:57 [GradingService] - 收到心跳报文,响应成功!!!

[go] - 2023/04/06 22:48:06 [GradingService] - 收到心跳报文,响应成功!!!

[go] - 2023/04/06 22:48:15 [GradingService] - 收到心跳报文,响应成功!!!

[go] - 2023/04/06 22:48:24 [GradingService] - 收到心跳报文,响应成功!!!

[go] - 2023/04/06 22:48:33 [GradingService] - 收到心跳报文,响应成功!!!

[go] - 2023/04/06 22:48:42 [GradingService] - 收到心跳报文,响应成功!!!

[go] - 2023/04/06 22:48:51 [GradingService] - 收到心跳报文,响应成功!!!

[go] - 2023/04/06 22:49:00 [GradingService] - 收到心跳报文,响应成功!!!

[go] - 2023/04/06 22:49:09 [GradingService] - 收到心跳报文,响应成功!!!

[go] - 2023/04/06 22:49:18 [GradingService] - 收到心跳报文,响应成功!!!

[go] - 2023/04/06 22:49:28 [GradingService] - 收到心跳报文,响应成功!!!

[go] - 2023/04/06 22:49:37 [GradingService] - 收到心跳报文,响应成功!!!

[go] - 2023/04/06 22:49:46 [GradingService] - 收到心跳报文,响应成功!!!

[go] - 2023/04/06 22:49:55 [GradingService] - 收到心跳报文,响应成功!!!

[go] - 2023/04/06 22:50:04 [GradingService] - 收到心跳报文,响应成功!!!

[go] - 2023/04/06 22:50:13 [GradingService] - 收到心跳报文,响应成功!!!

[go] - 2023/04/06 22:50:22 [GradingService] - 收到心跳报文,响应成功!!!

[go] - 2023/04/06 22:50:31 [GradingService] - 收到心跳报文,响应成功!!!

[go] - 2023/04/06 22:50:40 [GradingService] - 收到心跳报文,响应成功!!!

[go] - 2023/04/06 22:50:49 [GradingService] - 收到心跳报文,响应成功!!!

[go] - 2023/04/06 22:50:58 [GradingService] - 收到心跳报文,响应成功!!!

[go] - 2023/04/06 22:51:07 [GradingService] - 收到心跳报文,响应成功!!!

[go] - 2023/04/06 22:51:16 [GradingService] - 收到心跳报文,响应成功!!!

[go] - 2023/04/06 22:51:25 [GradingService] - 收到心跳报文,响应成功!!!

[go] - 2023/04/06 22:51:34 [GradingService] - 收到心跳报文,响应成功!!!

[go] - 2023/04/06 22:51:43 [GradingService] - 收到心跳报文,响应成功!!!

[go] - 2023/04/06 22:51:52 [GradingService] - 收到心跳报文,响应成功!!!

[go] - 2023/04/06 22:52:01 [GradingService] - 收到心跳报文,响应成功!!!

[go] - 2023/04/06 22:52:10 [GradingService] - 收到心跳报文,响应成功!!!

[go] - 2023/04/06 22:52:19 [GradingService] - 收到心跳报文,响应成功!!!

[go] - 2023/04/06 22:52:28 [GradingService] - 收到心跳报文,响应成功!!!

[go] - 2023/04/06 22:52:37 [GradingService] - 收到心跳报文,响应成功!!!

[go] - 2023/04/06 22:52:46 [GradingService] - 收到心跳报文,响应成功!!!

[go] - 2023/04/06 22:52:55 [GradingService] - 收到心跳报文,响应成功!!!

[go] - 2023/04/06 22:53:04 [GradingService] - 收到心跳报文,响应成功!!!

[go] - 2023/04/06 22:53:13 [GradingService] - 收到心跳报文,响应成功!!!

[go] - 2023/04/06 22:53:22 [GradingService] - 收到心跳报文,响应成功!!!

[go] - 2023/04/06 22:53:31 [GradingService] - 收到心跳报文,响应成功!!!

[go] - 2023/04/06 22:53:40 [GradingService] - 收到心跳报文,响应成功!!!

[go] - 2023/04/06 22:53:49 [GradingService] - 收到心跳报文,响应成功!!!

[go] - 2023/04/06 22:53:58 [GradingService] - 收到心跳报文,响应成功!!!

[go] - 2023/04/06 22:54:07 [GradingService] - 收到心跳报文,响应成功!!!

[go] - 2023/04/06 22:54:16 [GradingService] - 收到心跳报文,响应成功!!!

[go] - 2023/04/06 22:54:25 [GradingService] - 收到心跳报文,响应成功!!!

[go] - 2023/04/06 22:54:34 [GradingService] - 收到心跳报文,响应成功!!!

[go] - 2023/04/06 22:54:43 [GradingService] - 收到心跳报文,响应成功!!!

[go] - 2023/04/06 22:54:52 [GradingService] - 收到心跳报文,响应成功!!!

[go] - 2023/04/06 22:55:01 [GradingService] - 收到心跳报文,响应成功!!!

[go] - 2023/04/06 22:55:10 [GradingService] - 收到心跳报文,响应成功!!!

[go] - 2023/04/06 22:55:19 [GradingService] - 收到心跳报文,响应成功!!!

[go] - 2023/04/06 22:55:28 [GradingService] - 收到心跳报文,响应成功!!!

[go] - 2023/04/06 22:55:37 [GradingService] - 收到心跳报文,响应成功!!!

[go] - 2023/04/06 22:55:46 [GradingService] - 收到心跳报文,响应成功!!!

[go] - 2023/04/06 22:55:55 [GradingService] - 收到心跳报文,响应成功!!!

[go] - 2023/04/06 22:56:04 [GradingService] - 收到心跳报文,响应成功!!!

[go] - 2023/04/06 22:56:13 [GradingService] - 收到心跳报文,响应成功!!!

[go] - 2023/04/06 22:56:22 [GradingService] - 收到心跳报文,响应成功!!!

[go] - 2023/04/06 22:56:31 [GradingService] - 收到心跳报文,响应成功!!!

[go] - 2023/04/06 22:56:40 [GradingService] - 收到心跳报文,响应成功!!!

[go] - 2023/04/06 22:56:49 [GradingService] - 收到心跳报文,响应成功!!!

[go] - 2023/04/06 22:56:58 [GradingService] - 收到心跳报文,响应成功!!!

[go] - 2023/04/06 22:57:07 [GradingService] - 收到心跳报文,响应成功!!!

[go] - 2023/04/06 22:57:16 [GradingService] - 收到心跳报文,响应成功!!!

[go] - 2023/04/06 22:57:25 [GradingService] - 收到心跳报文,响应成功!!!

[go] - 2023/04/06 22:57:34 [GradingService] - 收到心跳报文,响应成功!!!

[go] - 2023/04/06 22:57:43 [GradingService] - 收到心跳报文,响应成功!!!

[go] - 2023/04/06 22:57:52 [GradingService] - 收到心跳报文,响应成功!!!

[go] - 2023/04/06 22:58:01 [GradingService] - 收到心跳报文,响应成功!!!

[go] - 2023/04/06 22:58:10 [GradingService] - 收到心跳报文,响应成功!!!

[go] - 2023/04/06 22:58:19 [GradingService] - 收到心跳报文,响应成功!!!

[go] - 2023/04/06 22:58:28 [GradingService] - 收到心跳报文,响应成功!!!

[go] - 2023/04/06 22:58:37 [GradingService] - 收到心跳报文,响应成功!!!

[go] - 2023/04/06 22:58:46 [GradingService] - 收到心跳报文,响应成功!!!

[go] - 2023/04/06 22:58:55 [GradingService] - 收到心跳报文,响应成功!!!

[go] - 2023/04/06 22:59:04 [GradingService] - 收到心跳报文,响应成功!!!

[go] - 2023/04/06 22:59:13 [GradingService] - 收到心跳报文,响应成功!!!

[go] - 2023/04/06 22:59:22 [GradingService] - 收到心跳报文,响应成功!!!

[go] - 2023/04/06 22:59:31 [GradingService] - 收到心跳报文,响应成功!!!

[go] - 2023/04/06 22:59:40 [GradingService] - 收到心跳报文,响应成功!!!

[go] - 2023/04/06 22:59:49 [GradingService] - 收到心跳报文,响应成功!!!

[go] - 2023/04/06 22:59:58 [GradingService] - 收到心跳报文,响应成功!!!

[go] - 2023/04/06 23:00:07 [GradingService] - 收到心跳报文,响应成功!!!

[go] - 2023/04/06 23:00:16 [GradingService] - 收到心跳报文,响应成功!!!

[go] - 2023/04/06 23:00:25 [GradingService] - 收到心跳报文,响应成功!!!

[go] - 2023/04/06 23:00:34 [GradingService] - 收到心跳报文,响应成功!!!

[go] - 2023/04/06 23:00:43 [GradingService] - 收到心跳报文,响应成功!!!

[go] - 2023/04/06 23:00:52 [GradingService] - 收到心跳报文,响应成功!!!

[go] - 2023/04/06 23:01:01 [GradingService] - 收到心跳报文,响应成功!!!

[go] - 2023/04/06 23:01:10 [GradingService] - 收到心跳报文,响应成功!!!

[go] - 2023/04/06 23:01:19 [GradingService] - 收到心跳报文,响应成功!!!

[go] - 2023/04/06 23:01:28 [GradingService] - 收到心跳报文,响应成功!!!

[go] - 2023/04/06 23:01:37 [GradingService] - 收到心跳报文,响应成功!!!

[go] - 2023/04/06 23:01:46 [GradingService] - 收到心跳报文,响应成功!!!

[go] - 2023/04/06 23:01:55 [GradingService] - 收到心跳报文,响应成功!!!

[go] - 2023/04/06 23:02:04 [GradingService] - 收到心跳报文,响应成功!!!

[go] - 2023/04/06 23:02:13 [GradingService] - 收到心跳报文,响应成功!!!

[go] - 2023/04/06 23:02:22 [GradingService] - 收到心跳报文,响应成功!!!

[go] - 2023/04/06 23:02:31 [GradingService] - 收到心跳报文,响应成功!!!

[go] - 2023/04/06 23:02:40 [GradingService] - 收到心跳报文,响应成功!!!

[go] - 2023/04/06 23:02:49 [GradingService] - 收到心跳报文,响应成功!!!

[go] - 2023/04/06 23:02:58 [GradingService] - 收到心跳报文,响应成功!!!

[go] - 2023/04/06 23:03:07 [GradingService] - 收到心跳报文,响应成功!!!

[go] - 2023/04/06 23:03:16 [GradingService] - 收到心跳报文,响应成功!!!

[go] - 2023/04/06 23:03:25 [GradingService] - 收到心跳报文,响应成功!!!

[go] - 2023/04/06 23:03:34 [GradingService] - 收到心跳报文,响应成功!!!

[go] - 2023/04/06 23:03:43 [GradingService] - 收到心跳报文,响应成功!!!

[go] - 2023/04/06 23:03:52 [GradingService] - 收到心跳报文,响应成功!!!

[go] - 2023/04/06 23:04:01 [GradingService] - 收到心跳报文,响应成功!!!

[go] - 2023/04/06 23:04:10 [GradingService] - 收到心跳报文,响应成功!!!

[go] - 2023/04/06 23:04:19 [GradingService] - 收到心跳报文,响应成功!!!

[go] - 2023/04/06 23:04:29 [GradingService] - 收到心跳报文,响应成功!!!

[go] - 2023/04/06 23:04:38 [GradingService] - 收到心跳报文,响应成功!!!

[go] - 2023/04/06 23:04:47 [GradingService] - 收到心跳报文,响应成功!!!

[go] - 2023/04/06 23:04:56 [GradingService] - 收到心跳报文,响应成功!!!

[go] - 2023/04/06 23:05:05 [GradingService] - 收到心跳报文,响应成功!!!

[go] - 2023/04/06 23:05:14 [GradingService] - 收到心跳报文,响应成功!!!

[go] - 2023/04/06 23:05:23 [GradingService] - 收到心跳报文,响应成功!!!

[go] - 2023/04/06 23:05:32 [GradingService] - 收到心跳报文,响应成功!!!

[go] - 2023/04/06 23:05:41 [GradingService] - 收到心跳报文,响应成功!!!

[go] - 2023/04/06 23:05:50 [GradingService] - 收到心跳报文,响应成功!!!

[go] - 2023/04/06 23:05:59 [GradingService] - 收到心跳报文,响应成功!!!

[go] - 2023/04/06 23:06:08 [GradingService] - 收到心跳报文,响应成功!!!

[go] - 2023/04/06 23:06:17 [GradingService] - 收到心跳报文,响应成功!!!

[go] - 2023/04/06 23:06:26 [GradingService] - 收到心跳报文,响应成功!!!

[go] - 2023/04/06 23:06:35 [GradingService] - 收到心跳报文,响应成功!!!

[go] - 2023/04/06 23:06:44 [GradingService] - 收到心跳报文,响应成功!!!

[go] - 2023/04/06 23:06:53 [GradingService] - 收到心跳报文,响应成功!!!

[go] - 2023/04/06 23:07:02 [GradingService] - 收到心跳报文,响应成功!!!

[go] - 2023/04/06 23:07:11 [GradingService] - 收到心跳报文,响应成功!!!

[go] - 2023/04/06 23:07:20 [GradingService] - 收到心跳报文,响应成功!!!

[go] - 2023/04/06 23:07:29 [GradingService] - 收到心跳报文,响应成功!!!

[go] - 2023/04/06 23:07:38 [GradingService] - 收到心跳报文,响应成功!!!

[go] - 2023/04/06 23:07:47 [GradingService] - 收到心跳报文,响应成功!!!

[go] - 2023/04/06 23:07:56 [GradingService] - 收到心跳报文,响应成功!!!

[go] - 2023/04/06 23:08:05 [GradingService] - 收到心跳报文,响应成功!!!

[go] - 2023/04/06 23:08:14 [GradingService] - 收到心跳报文,响应成功!!!

[go] - 2023/04/06 23:08:23 [GradingService] - 收到心跳报文,响应成功!!!

[go] - 2023/04/06 23:08:32 [GradingService] - 收到心跳报文,响应成功!!!

[go] - 2023/04/06 23:08:41 [GradingService] - 收到心跳报文,响应成功!!!

[go] - 2023/04/06 23:08:50 [GradingService] - 收到心跳报文,响应成功!!!

[go] - 2023/04/06 23:08:59 [GradingService] - 收到心跳报文,响应成功!!!

[go] - 2023/04/06 23:09:08 [GradingService] - 收到心跳报文,响应成功!!!

[go] - 2023/04/06 23:09:17 [GradingService] - 收到心跳报文,响应成功!!!

[go] - 2023/04/06 23:09:26 [GradingService] - 收到心跳报文,响应成功!!!

[go] - 2023/04/06 23:09:35 [GradingService] - 收到心跳报文,响应成功!!!

[go] - 2023/04/06 23:09:44 [GradingService] - 收到心跳报文,响应成功!!!

[go] - 2023/04/06 23:09:53 [GradingService] - 收到心跳报文,响应成功!!!

[go] - 2023/04/06 23:10:02 [GradingService] - 收到心跳报文,响应成功!!!

[go] - 2023/04/06 23:10:11 [GradingService] - 收到心跳报文,响应成功!!!

[go] - 2023/04/06 23:10:20 [GradingService] - 收到心跳报文,响应成功!!!

[go] - 2023/04/06 23:10:29 [GradingService] - 收到心跳报文,响应成功!!!

[go] - 2023/04/06 23:10:38 [GradingService] - 收到心跳报文,响应成功!!!

[go] - 2023/04/06 23:10:47 [GradingService] - 收到心跳报文,响应成功!!!

[go] - 2023/04/06 23:10:56 [GradingService] - 收到心跳报文,响应成功!!!

[go] - 2023/04/06 23:11:05 [GradingService] - 收到心跳报文,响应成功!!!

[go] - 2023/04/06 23:11:14 [GradingService] - 收到心跳报文,响应成功!!!

[go] - 2023/04/06 23:11:23 [GradingService] - 收到心跳报文,响应成功!!!

[go] - 2023/04/06 23:11:32 [GradingService] - 收到心跳报文,响应成功!!!

[go] - 2023/04/06 23:11:41 [GradingService] - 收到心跳报文,响应成功!!!

[go] - 2023/04/06 23:11:50 [GradingService] - 收到心跳报文,响应成功!!!

[go] - 2023/04/06 23:11:59 [GradingService] - 收到心跳报文,响应成功!!!

[go] - 2023/04/06 23:12:08 [GradingService] - 收到心跳报文,响应成功!!!

[go] - 2023/04/06 23:12:17 [GradingService] - 收到心跳报文,响应成功!!!

[go] - 2023/04/06 23:12:26 [GradingService] - 收到心跳报文,响应成功!!!

[go] - 2023/04/06 23:12:35 [GradingService] - 收到心跳报文,响应成功!!!

[go] - 2023/04/06 23:12:44 [GradingService] - 收到心跳报文,响应成功!!!

[go] - 2023/04/06 23:12:53 [GradingService] - 收到心跳报文,响应成功!!!

[go] - 2023/04/06 23:13:02 [GradingService] - 收到心跳报文,响应成功!!!

[go] - 2023/04/06 23:13:11 [GradingService] - 收到心跳报文,响应成功!!!

[go] - 2023/04/06 23:13:20 [GradingService] - 收到心跳报文,响应成功!!!

[go] - 2023/04/06 23:13:29 [GradingService] - 收到心跳报文,响应成功!!!

[go] - 2023/04/06 23:13:38 [GradingService] - 收到心跳报文,响应成功!!!

[go] - 2023/04/06 23:13:47 [GradingService] - 收到心跳报文,响应成功!!!

[go] - 2023/04/06 23:13:56 [GradingService] - 收到心跳报文,响应成功!!!

[go] - 2023/04/06 23:14:05 [GradingService] - 收到心跳报文,响应成功!!!

[go] - 2023/04/06 23:14:14 [GradingService] - 收到心跳报文,响应成功!!!

